13.08.2021 17:30:44 - Милош Ђорђевић се успешно одјавио/ла.
13.08.2021 17:23:40 - Милош Ђорђевић се успешно пријавио/ла.
06.08.2021 22:13:33 - Милош Ђорђевић се успешно одјавио/ла.
06.08.2021 22:11:32 - Милош Ђорђевић се успешно пријавио/ла.
05.08.2021 21:16:49 - Милош Ђорђевић се успешно одјавио/ла.
05.08.2021 21:16:06 - Милош Ђорђевић се успешно пријавио/ла.
05.08.2021 10:32:20 - Неда Костић се успешно одјавио/ла.
05.08.2021 10:30:47 - Неда Костић се успешно пријавио/ла.
05.08.2021 10:30:19 - Корисник са е-адресом matahari@gmail.com не постоји. Захтев послат са IP адресе - ::1
05.08.2021 10:30:14 - Корисник са е-адресом matahari@gmail.com не постоји. Захтев послат са IP адресе - ::1
05.08.2021 10:29:05 - Милош Ђорђевић се успешно пријавио/ла.
04.08.2021 17:54:21 - Милош Ђорђевић се успешно одјавио/ла.
04.08.2021 17:53:21 - Милош Ђорђевић се успешно пријавио/ла.
04.08.2021 15:36:22 - Милош Ђорђевић се успешно одјавио/ла.
04.08.2021 15:33:36 - Милош Ђорђевић се успешно пријавио/ла.
04.08.2021 15:20:00 - Корисник са IP  адресе - ::1 је добио забрану на 1 минут
04.08.2021 15:20:00 - Корисник са IP  адресе - ::1 је добио забрану на 1 минут
04.08.2021 15:20:00 - Корисник са IP  адресе - ::1 је добио забрану на 1 минут
04.08.2021 15:19:59 - Корисник са IP  адресе - ::1 је добио забрану на 1 минут
04.08.2021 15:19:51 - Корисник са IP  адресе - ::1 је добио забрану на 1 минут
04.08.2021 15:19:43 - Корисник са IP  адресе - ::1 је добио забрану на 1 минут
04.08.2021 15:19:43 - Корисник са IP  адресе - ::1 је добио забрану на 1 минут
04.08.2021 15:19:43 - Корисник са IP  адресе - ::1 је добио забрану на 1 минут
04.08.2021 15:19:43 - Корисник са IP  адресе - ::1 је добио забрану на 1 минут
04.08.2021 15:19:37 - Корисник са IP  адресе - ::1 је добио забрану на 1 минут
04.08.2021 15:19:35 - Корисник са е-адресом matahari@gmail.com не постоји. Захтев послат са IP адресе - ::1
04.08.2021 15:19:34 - Корисник са е-адресом matahari@gmail.com не постоји. Захтев послат са IP адресе - ::1
04.08.2021 15:19:33 - Корисник са е-адресом matahari@gmail.com не постоји. Захтев послат са IP адресе - ::1
04.08.2021 15:19:32 - Корисник са е-адресом matahari@gmail.com не постоји. Захтев послат са IP адресе - ::1
04.08.2021 15:19:28 - Корисник са е-адресом matahari@gmail.com не постоји. Захтев послат са IP адресе - ::1
31.07.2021 10:03:35 - Милош Ђорђевић се успешно пријавио/ла.
20.07.2021 11:32:35 - Милош Ђорђевић се успешно одјавио/ла.
20.07.2021 11:25:22 - Милош Ђорђевић се успешно пријавио/ла.
20.07.2021 11:25:12 - Dodat Korisnik се успешно одјавио/ла.
20.07.2021 11:25:07 - Dodat Korisnik се успешно пријавио/ла.
20.07.2021 11:25:01 - Милош Ђорђевић се успешно одјавио/ла.
20.07.2021 11:23:30 - Милош Ђорђевић се успешно пријавио/ла.
20.07.2021 11:23:16 - Милош Ђорђевић се успешно одјавио/ла.
20.07.2021 06:48:15 - Милош Ђорђевић се успешно пријавио/ла.
19.07.2021 18:00:49 - Милош Ђорђевић се успешно одјавио/ла.
19.07.2021 10:20:40 - Милош Ђорђевић се успешно пријавио/ла.
18.07.2021 15:12:23 - Милош Ђорђевић се успешно одјавио/ла.
18.07.2021 15:12:21 - Милош Ђорђевић се успешно пријавио/ла.
17.07.2021 14:11:49 - Милош Ђорђевић се успешно пријавио/ла.
15.07.2021 08:59:43 - Милош Ђорђевић се успешно пријавио/ла.
14.07.2021 10:24:28 - Милош Ђорђевић се успешно пријавио/ла.
01.07.2021 17:24:54 - Милош Ђорђевић се успешно пријавио/ла.
01.07.2021 08:21:57 - Милош Ђорђевић се успешно пријавио/ла.
30.06.2021 17:58:03 - Mata Hari се успешно одјавио/ла.
30.06.2021 17:57:34 - Mata Hari се успешно пријавио/ла.
30.06.2021 17:56:52 - Милош Ђорђевић се успешно одјавио/ла.
30.06.2021 17:52:00 - Милош Ђорђевић се успешно пријавио/ла.
29.06.2021 21:15:38 - Милош Ђорђевић се успешно одјавио/ла.
29.06.2021 17:22:27 - Милош Ђорђевић се успешно пријавио/ла.
29.06.2021 10:17:35 - Милош Ђорђевић се успешно пријавио/ла.
28.06.2021 15:26:31 - Милош Ђорђевић се успешно пријавио/ла.
28.06.2021 14:40:24 - Милош Ђорђевић се успешно пријавио/ла.
28.06.2021 14:40:17 - Novi Korisnik се успешно одјавио/ла.
28.06.2021 14:39:57 - Novi Korisnik се успешно пријавио/ла.
28.06.2021 14:39:48 - Милош Ђорђевић се успешно одјавио/ла.
28.06.2021 14:39:02 - Милош Ђорђевић се успешно пријавио/ла.
28.06.2021 14:38:54 - test test2 се успешно одјавио/ла.
28.06.2021 14:38:52 - test test2 се успешно пријавио/ла.
28.06.2021 14:38:44 - Милош Ђорђевић се успешно одјавио/ла.
28.06.2021 14:38:27 - Милош Ђорђевић се успешно пријавио/ла.
28.06.2021 14:38:18 - test test2 се успешно одјавио/ла.
28.06.2021 14:38:17 - test test2 се успешно пријавио/ла.
28.06.2021 14:38:08 - test test2 се успешно одјавио/ла.
28.06.2021 14:38:06 - test test2 се успешно пријавио/ла.
28.06.2021 14:37:56 - Милош Ђорђевић се успешно одјавио/ла.
28.06.2021 14:33:27 - Милош Ђорђевић се успешно пријавио/ла.
27.06.2021 19:36:36 - Милош Ђорђевић се успешно пријавио/ла.
27.06.2021 13:36:31 - Милош Ђорђевић се успешно одјавио/ла.
27.06.2021 10:49:48 - Милош Ђорђевић се успешно пријавио/ла.
26.06.2021 17:46:22 - Милош Ђорђевић се успешно пријавио/ла.
26.06.2021 12:06:40 - Милош Ђорђевић се успешно одјавио/ла.
26.06.2021 11:53:33 - Милош Ђорђевић се успешно пријавио/ла.
26.06.2021 11:53:24 - Mata Hari се успешно одјавио/ла.
26.06.2021 11:53:15 - Mata Hari се успешно пријавио/ла.
26.06.2021 11:53:07 - Милош Ђорђевић се успешно одјавио/ла.
26.06.2021 11:41:04 - Милош Ђорђевић се успешно пријавио/ла.
26.06.2021 11:40:57 - Gordon  Ramsay се успешно одјавио/ла.
26.06.2021 11:40:19 - Gordon  Ramsay се успешно пријавио/ла.
26.06.2021 11:40:06 - Mata Hari се успешно одјавио/ла.
26.06.2021 11:37:51 - Mata Hari се успешно пријавио/ла.
26.06.2021 11:37:44 - Пера Перић се успешно одјавио/ла.
26.06.2021 11:37:25 - Пера Перић се успешно пријавио/ла.
26.06.2021 11:37:21 - Погрешно унет емаил или лозинка.(pperic@skola.com), захтев послат са IP адресе - ::1
26.06.2021 11:37:08 - Hanibal Lektor се успешно одјавио/ла.
26.06.2021 11:36:54 - Hanibal Lektor се успешно пријавио/ла.
26.06.2021 11:35:56 - Милош Ђорђевић се успешно одјавио/ла.
26.06.2021 10:56:04 - Милош Ђорђевић се успешно пријавио/ла.
26.06.2021 10:55:53 - Милош Ђорђевић се успешно одјавио/ла.
26.06.2021 10:41:30 - Милош Ђорђевић се успешно пријавио/ла.
25.06.2021 09:37:56 - Милош Ђорђевић се успешно одјавио/ла.
25.06.2021 09:31:44 - Милош Ђорђевић се успешно пријавио/ла.
25.06.2021 09:29:39 - Милош Ђорђевић се успешно одјавио/ла.
25.06.2021 09:28:38 - Милош Ђорђевић се успешно пријавио/ла.
25.06.2021 09:27:29 - Милош Ђорђевић се успешно одјавио/ла.
25.06.2021 09:21:45 - Милош Ђорђевић се успешно пријавио/ла.
24.06.2021 23:36:49 - Милош Ђорђевић се успешно одјавио/ла.
24.06.2021 23:32:57 - Милош Ђорђевић се успешно пријавио/ла.
24.06.2021 23:23:28 - Милош Ђорђевић се успешно одјавио/ла.
24.06.2021 21:52:35 - Милош Ђорђевић се успешно пријавио/ла.
24.06.2021 21:00:56 - Неда Костић се успешно одјавио/ла.
24.06.2021 21:00:07 - Неда Костић се успешно пријавио/ла.
24.06.2021 20:59:57 - Милош Ђорђевић се успешно одјавио/ла.
24.06.2021 20:59:30 - Милош Ђорђевић се успешно пријавио/ла.
24.06.2021 20:59:19 - Gordon  Ramsay се успешно одјавио/ла.
24.06.2021 20:58:54 - Gordon  Ramsay се успешно пријавио/ла.
24.06.2021 20:58:39 - Mata Hari се успешно одјавио/ла.
24.06.2021 20:58:31 - Mata Hari се успешно пријавио/ла.
24.06.2021 20:56:52 - Mata Hari се успешно одјавио/ла.
24.06.2021 20:55:11 - Mata Hari се успешно пријавио/ла.
24.06.2021 20:55:07 - Милош Ђорђевић се успешно одјавио/ла.
24.06.2021 20:54:57 - Милош Ђорђевић се успешно пријавио/ла.
24.06.2021 20:54:44 - Gordon  Ramsay се успешно одјавио/ла.
24.06.2021 20:54:37 - Gordon  Ramsay се успешно пријавио/ла.
24.06.2021 20:54:19 - Неда Костић се успешно одјавио/ла.
24.06.2021 20:54:15 - Неда Костић се успешно пријавио/ла.
24.06.2021 20:54:06 - Mata Hari се успешно одјавио/ла.
24.06.2021 20:53:44 - Mata Hari се успешно пријавио/ла.
24.06.2021 20:51:44 - Mata Hari се успешно одјавио/ла.
24.06.2021 20:50:52 - Mata Hari се успешно пријавио/ла.
24.06.2021 20:50:45 - Mata Hari се успешно одјавио/ла.
24.06.2021 20:50:30 - Mata Hari се успешно пријавио/ла.
24.06.2021 20:49:21 - Gordon  Ramsay се успешно одјавио/ла.
24.06.2021 20:47:39 - Gordon  Ramsay се успешно пријавио/ла.
24.06.2021 20:47:21 - Милош Ђорђевић се успешно одјавио/ла.
24.06.2021 20:47:17 - Милош Ђорђевић се успешно пријавио/ла.
24.06.2021 20:47:07 - Mata Hari се успешно одјавио/ла.
24.06.2021 20:46:58 - Mata Hari се успешно пријавио/ла.
24.06.2021 20:44:27 - Неда Костић се успешно одјавио/ла.
24.06.2021 20:44:21 - Неда Костић се успешно пријавио/ла.
24.06.2021 20:44:13 - Gordon  Ramsay се успешно одјавио/ла.
24.06.2021 20:43:51 - Gordon  Ramsay се успешно пријавио/ла.
24.06.2021 20:43:38 - Mata Hari се успешно одјавио/ла.
24.06.2021 20:43:32 - Mata Hari се успешно пријавио/ла.
24.06.2021 20:43:26 - Милош Ђорђевић се успешно одјавио/ла.
24.06.2021 20:42:13 - Милош Ђорђевић се успешно пријавио/ла.
24.06.2021 20:41:56 - Mata Hari се успешно одјавио/ла.
24.06.2021 20:40:32 - Mata Hari се успешно пријавио/ла.
24.06.2021 20:40:30 - Неда Костић се успешно одјавио/ла.
24.06.2021 20:40:22 - Неда Костић се успешно пријавио/ла.
24.06.2021 20:40:15 - Gordon  Ramsay се успешно одјавио/ла.
24.06.2021 20:40:06 - Gordon  Ramsay се успешно пријавио/ла.
24.06.2021 20:39:53 - Милош Ђорђевић се успешно одјавио/ла.
24.06.2021 20:39:45 - Милош Ђорђевић се успешно пријавио/ла.
24.06.2021 20:39:34 - Mata Hari се успешно одјавио/ла.
24.06.2021 20:36:49 - Mata Hari се успешно пријавио/ла.
24.06.2021 20:36:29 - Mata Hari се успешно одјавио/ла.
24.06.2021 20:36:14 - Mata Hari се успешно пријавио/ла.
24.06.2021 20:36:12 - Неда Костић се успешно одјавио/ла.
24.06.2021 20:35:21 - Неда Костић се успешно пријавио/ла.
24.06.2021 20:35:13 - Mata Hari се успешно одјавио/ла.
24.06.2021 20:35:05 - Mata Hari се успешно пријавио/ла.
24.06.2021 20:35:04 - Милош Ђорђевић се успешно одјавио/ла.
24.06.2021 20:34:06 - Милош Ђорђевић се успешно пријавио/ла.
24.06.2021 20:33:55 - Mata Hari се успешно одјавио/ла.
24.06.2021 20:33:45 - Mata Hari се успешно пријавио/ла.
24.06.2021 20:33:43 - Gordon  Ramsay се успешно одјавио/ла.
24.06.2021 20:32:56 - Gordon  Ramsay се успешно пријавио/ла.
24.06.2021 20:32:37 - Mata Hari се успешно одјавио/ла.
24.06.2021 20:32:19 - Mata Hari се успешно пријавио/ла.
24.06.2021 20:32:17 - Mata Hari се успешно одјавио/ла.
24.06.2021 20:31:39 - Mata Hari се успешно пријавио/ла.
24.06.2021 20:31:37 - Gordon  Ramsay се успешно одјавио/ла.
24.06.2021 20:31:06 - Gordon  Ramsay се успешно пријавио/ла.
24.06.2021 20:30:49 - Mata Hari се успешно одјавио/ла.
24.06.2021 20:30:47 - Mata Hari се успешно пријавио/ла.
24.06.2021 20:30:44 - Неда Костић се успешно одјавио/ла.
24.06.2021 20:30:39 - Неда Костић се успешно пријавио/ла.
24.06.2021 20:30:31 - Милош Ђорђевић се успешно одјавио/ла.
24.06.2021 20:30:23 - Милош Ђорђевић се успешно пријавио/ла.
24.06.2021 20:29:33 - Неда Костић се успешно одјавио/ла.
24.06.2021 20:29:28 - Неда Костић се успешно пријавио/ла.
24.06.2021 20:29:21 - Милош Ђорђевић се успешно одјавио/ла.
24.06.2021 20:29:18 - Милош Ђорђевић се успешно пријавио/ла.
24.06.2021 20:28:24 - Gordon  Ramsay се успешно одјавио/ла.
24.06.2021 20:26:55 - Gordon  Ramsay се успешно пријавио/ла.
24.06.2021 20:24:10 - Неда Костић се успешно одјавио/ла.
24.06.2021 20:24:02 - Неда Костић се успешно пријавио/ла.
24.06.2021 20:23:53 - Gordon  Ramsay се успешно одјавио/ла.
24.06.2021 20:13:33 - Gordon  Ramsay се успешно пријавио/ла.
24.06.2021 20:12:18 - Mata Hari се успешно одјавио/ла.
24.06.2021 20:11:54 - Mata Hari се успешно пријавио/ла.
24.06.2021 20:06:35 - Gordon  Ramsay се успешно пријавио/ла.
24.06.2021 20:06:08 - Корисник са е-адресом lector@gmail.com не постоји. Захтев послат са IP адресе - ::1
24.06.2021 20:05:39 - Корисник са е-адресом lector@gmail.com не постоји. Захтев послат са IP адресе - ::1
24.06.2021 20:05:08 - Милош Ђорђевић се успешно одјавио/ла.
24.06.2021 19:19:13 - Милош Ђорђевић се успешно пријавио/ла.
24.06.2021 19:19:03 - Hanibal Lektor се успешно одјавио/ла.
24.06.2021 19:18:25 - Hanibal Lektor се успешно пријавио/ла.
24.06.2021 19:18:09 - Mata Hari се успешно одјавио/ла.
24.06.2021 19:17:27 - Mata Hari се успешно пријавио/ла.
24.06.2021 19:17:21 - Милош Ђорђевић се успешно одјавио/ла.
24.06.2021 19:02:21 - Милош Ђорђевић се успешно пријавио/ла.
24.06.2021 16:57:39 - Милош Ђорђевић се успешно одјавио/ла.
24.06.2021 16:55:54 - Милош Ђорђевић се успешно пријавио/ла.
24.06.2021 16:55:44 - Mata Hari се успешно одјавио/ла.
24.06.2021 16:55:42 - Mata Hari се успешно пријавио/ла.
24.06.2021 16:55:38 - Test Test2 се успешно одјавио/ла.
24.06.2021 16:54:09 - Test Test2 се успешно пријавио/ла.
24.06.2021 16:53:02 - Милош Ђорђевић се успешно одјавио/ла.
24.06.2021 16:46:47 - Милош Ђорђевић се успешно пријавио/ла.
24.06.2021 16:39:08 - Милош Ђорђевић се успешно одјавио/ла.
24.06.2021 16:35:11 - Милош Ђорђевић се успешно пријавио/ла.
24.06.2021 16:25:55 - Погрешно унет емаил или лозинка.(milos.somi442@gmail.com), захтев послат са IP адресе - ::1
24.06.2021 16:25:44 - Filip Filipovic се успешно одјавио/ла.
24.06.2021 16:25:14 - Filip Filipovic се успешно пријавио/ла.
24.06.2021 16:23:18 - Милош Ђорђевић се успешно одјавио/ла.
24.06.2021 16:22:29 - Милош Ђорђевић се успешно пријавио/ла.
24.06.2021 16:21:08 - Погрешно унет емаил или лозинка.(milos.somi442@gmail.com), захтев послат са IP адресе - ::1
24.06.2021 16:20:07 - Погрешно унет емаил или лозинка.(milos.somi442@gmail.com), захтев послат са IP адресе - ::1
24.06.2021 16:20:02 - Погрешно унет емаил или лозинка.(milos.somi442@gmail.com), захтев послат са IP адресе - ::1
24.06.2021 16:15:09 - Mata Hari се успешно одјавио/ла.
24.06.2021 16:15:03 - Mata Hari се успешно пријавио/ла.
24.06.2021 16:15:01 - Милош Ђорђевић се успешно одјавио/ла.
24.06.2021 16:14:57 - Милош Ђорђевић се успешно пријавио/ла.
24.06.2021 16:14:48 - Mata Hari се успешно одјавио/ла.
24.06.2021 16:12:40 - Mata Hari се успешно пријавио/ла.
24.06.2021 16:12:22 - Mata Hari се успешно одјавио/ла.
24.06.2021 16:10:47 - Mata Hari се успешно пријавио/ла.
24.06.2021 16:10:46 - Милош Ђорђевић се успешно одјавио/ла.
24.06.2021 16:09:45 - Милош Ђорђевић се успешно пријавио/ла.
24.06.2021 16:09:15 - Милош Ђорђевић се успешно одјавио/ла.
24.06.2021 16:09:11 - Милош Ђорђевић се успешно пријавио/ла.
24.06.2021 16:06:04 - Милош Ђорђевић се успешно одјавио/ла.
24.06.2021 16:03:22 - Милош Ђорђевић се успешно пријавио/ла.
24.06.2021 16:02:54 - Милош Ђорђевић се успешно одјавио/ла.
24.06.2021 15:29:07 - Милош Ђорђевић се успешно пријавио/ла.
24.06.2021 14:13:51 - Милош Ђорђевић се успешно одјавио/ла.
24.06.2021 14:13:19 - Милош Ђорђевић се успешно пријавио/ла.
24.06.2021 14:03:17 - Корисник са е-адресом matahaari@gmail.com не постоји. Захтев послат са IP адресе - ::1
24.06.2021 13:41:13 - Mata Hari се успешно одјавио/ла.
24.06.2021 13:41:09 - Mata Hari се успешно пријавио/ла.
24.06.2021 13:39:27 - Корисник са IP  адресе - ::1 је добио забрану на 1 минут
24.06.2021 13:39:26 - Корисник са IP  адресе - ::1 је добио забрану на 1 минут
24.06.2021 13:39:26 - Корисник са IP  адресе - ::1 је добио забрану на 1 минут
24.06.2021 13:39:26 - Корисник са IP  адресе - ::1 је добио забрану на 1 минут
24.06.2021 13:39:26 - Корисник са IP  адресе - ::1 је добио забрану на 1 минут
24.06.2021 13:39:18 - Корисник са IP  адресе - ::1 је добио забрану на 1 минут
24.06.2021 13:39:15 - Погрешно унет емаил или лозинка.(matahari@gmail.com), захтев послат са IP адресе - ::1
24.06.2021 13:39:13 - Погрешно унет емаил или лозинка.(matahari@gmail.com), захтев послат са IP адресе - ::1
24.06.2021 13:39:11 - Погрешно унет емаил или лозинка.(matahari@gmail.com), захтев послат са IP адресе - ::1
24.06.2021 13:39:07 - Погрешно унет емаил или лозинка.(matahari@gmail.com), захтев послат са IP адресе - ::1
24.06.2021 13:39:05 - Погрешно унет емаил или лозинка.(matahari@gmail.com), захтев послат са IP адресе - ::1
24.06.2021 12:50:08 - Милош Ђорђевић се успешно одјавио/ла.
24.06.2021 12:23:43 - Милош Ђорђевић се успешно пријавио/ла.
23.06.2021 20:57:57 - Милош Ђорђевић се успешно одјавио/ла.
23.06.2021 19:46:10 - Милош Ђорђевић се успешно пријавио/ла.
23.06.2021 19:46:00 - Mata Hari се успешно одјавио/ла.
23.06.2021 18:10:23 - Mata Hari се успешно пријавио/ла.
21.06.2021 12:02:50 - Милош Ђорђевић се успешно пријавио/ла.
20.06.2021 22:09:15 - Милош Ђорђевић се успешно пријавио/ла.
20.06.2021 22:09:04 - Mata Hari се успешно одјавио/ла.
20.06.2021 22:07:53 - Mata Hari се успешно пријавио/ла.
19.06.2021 21:53:28 - Милош Ђорђевић се успешно одјавио/ла.
19.06.2021 13:09:53 - Милош Ђорђевић се успешно пријавио/ла.
16.06.2021 13:08:21 - Милош Ђорђевић се успешно пријавио/ла.
16.06.2021 13:08:11 - Mata Hari се успешно одјавио/ла.
16.06.2021 13:05:25 - Mata Hari се успешно пријавио/ла.
16.06.2021 13:05:11 - Милош Ђорђевић се успешно одјавио/ла.
16.06.2021 11:12:36 - Милош Ђорђевић се успешно пријавио/ла.
15.06.2021 23:00:53 - Неда Костић се успешно одјавио/ла.
15.06.2021 23:00:36 - Неда Костић се успешно пријавио/ла.
15.06.2021 23:00:29 - Милош Ђорђевић се успешно одјавио/ла.
15.06.2021 21:23:32 - Милош Ђорђевић се успешно пријавио/ла.
15.06.2021 21:23:19 - Hanibal Lektor се успешно одјавио/ла.
15.06.2021 21:22:09 - Hanibal Lektor се успешно пријавио/ла.
15.06.2021 21:21:50 - Пера Перић се успешно одјавио/ла.
15.06.2021 21:21:40 - Пера Перић се успешно пријавио/ла.
15.06.2021 21:21:13 - Корисник са е-адресом ppera@skola.com не постоји.
15.06.2021 21:21:01 - Mata Hari се успешно одјавио/ла.
15.06.2021 21:20:02 - Mata Hari се успешно пријавио/ла.
15.06.2021 21:20:00 - Милош Ђорђевић се успешно одјавио/ла.
15.06.2021 21:17:56 - Милош Ђорђевић се успешно пријавио/ла.
04.06.2021 14:38:30 - Милош Ђорђевић се успешно одјавио/ла.
04.06.2021 14:25:55 - Милош Ђорђевић се успешно пријавио/ла.
04.06.2021 14:25:45 - Пера Перић се успешно одјавио/ла.
04.06.2021 14:17:25 - Пера Перић се успешно пријавио/ла.
04.06.2021 14:17:18 - Корисник са е-адресом ppera@skol.com не постоји.
04.06.2021 14:17:01 - Неда Костић се успешно одјавио/ла.
04.06.2021 14:13:25 - Неда Костић се успешно пријавио/ла.
04.06.2021 14:13:17 - Mata Hari се успешно одјавио/ла.
04.06.2021 14:12:37 - Mata Hari се успешно пријавио/ла.
04.06.2021 14:12:36 - Милош Ђорђевић се успешно одјавио/ла.
04.06.2021 14:11:05 - Милош Ђорђевић се успешно пријавио/ла.
04.06.2021 14:10:56 - Mata Hari се успешно одјавио/ла.
04.06.2021 14:10:46 - Mata Hari се успешно пријавио/ла.
04.06.2021 14:10:45 - Милош Ђорђевић се успешно одјавио/ла.
04.06.2021 11:35:31 - Милош Ђорђевић се успешно пријавио/ла.
03.06.2021 23:22:35 - Милош Ђорђевић се успешно одјавио/ла.
03.06.2021 23:19:35 - Милош Ђорђевић се успешно пријавио/ла.
03.06.2021 23:19:15 - Mata Hari се успешно одјавио/ла.
03.06.2021 23:19:11 - Mata Hari се успешно пријавио/ла.
03.06.2021 23:19:10 - Неда Костић се успешно одјавио/ла.
03.06.2021 23:18:52 - Неда Костић се успешно пријавио/ла.
03.06.2021 23:18:43 - Mata Hari се успешно одјавио/ла.
03.06.2021 23:18:36 - Mata Hari се успешно пријавио/ла.
03.06.2021 23:18:34 - Милош Ђорђевић се успешно одјавио/ла.
03.06.2021 23:17:33 - Милош Ђорђевић се успешно пријавио/ла.
03.06.2021 23:17:24 - Mata Hari се успешно одјавио/ла.
03.06.2021 23:17:20 - Mata Hari се успешно пријавио/ла.
03.06.2021 23:17:18 - Неда Костић се успешно одјавио/ла.
03.06.2021 22:26:22 - Неда Костић се успешно пријавио/ла.
03.06.2021 22:26:15 - Mata Hari се успешно одјавио/ла.
03.06.2021 22:13:12 - Mata Hari се успешно пријавио/ла.
03.06.2021 22:13:09 - Милош Ђорђевић се успешно одјавио/ла.
03.06.2021 22:07:10 - Милош Ђорђевић се успешно пријавио/ла.
03.06.2021 22:06:59 - Mata Hari се успешно одјавио/ла.
03.06.2021 22:06:46 - Mata Hari се успешно пријавио/ла.
03.06.2021 22:06:42 - Милош Ђорђевић се успешно одјавио/ла.
03.06.2021 22:06:28 - Милош Ђорђевић се успешно пријавио/ла.
03.06.2021 22:06:19 - Mata Hari се успешно одјавио/ла.
03.06.2021 22:05:57 - Mata Hari се успешно пријавио/ла.
03.06.2021 22:05:52 - Милош Ђорђевић се успешно одјавио/ла.
03.06.2021 21:41:02 - Милош Ђорђевић се успешно пријавио/ла.
03.06.2021 21:40:54 - Mata Hari се успешно одјавио/ла.
03.06.2021 21:39:58 - Mata Hari се успешно пријавио/ла.
03.06.2021 21:39:57 - Милош Ђорђевић се успешно одјавио/ла.
03.06.2021 21:39:09 - Милош Ђорђевић се успешно пријавио/ла.
03.06.2021 21:38:53 - Mata Hari се успешно одјавио/ла.
03.06.2021 21:32:44 - Mata Hari се успешно пријавио/ла.
03.06.2021 21:32:42 - Милош Ђорђевић се успешно одјавио/ла.
03.06.2021 21:31:44 - Милош Ђорђевић се успешно пријавио/ла.
03.06.2021 21:31:32 - Mata Hari се успешно одјавио/ла.
03.06.2021 20:24:28 - Mata Hari се успешно пријавио/ла.
03.06.2021 20:24:26 - Милош Ђорђевић се успешно одјавио/ла.
03.06.2021 20:24:17 - Милош Ђорђевић се успешно пријавио/ла.
03.06.2021 20:24:11 - Погрешно унет емаил или лозинка.(milos.somi442@gmail.com)
03.06.2021 20:24:03 - Mata Hari се успешно одјавио/ла.
03.06.2021 20:23:55 - Mata Hari се успешно пријавио/ла.
03.06.2021 20:23:45 - Милош Ђорђевић се успешно одјавио/ла.
03.06.2021 20:23:36 - Милош Ђорђевић се успешно пријавио/ла.
03.06.2021 20:23:20 - Mata Hari се успешно одјавио/ла.
03.06.2021 19:03:01 - Mata Hari се успешно пријавио/ла.
03.06.2021 19:02:59 - Пера Перић се успешно одјавио/ла.
03.06.2021 18:58:18 - Пера Перић се успешно пријавио/ла.
03.06.2021 18:58:00 - Mata Hari се успешно одјавио/ла.
03.06.2021 18:19:02 - Mata Hari се успешно пријавио/ла.
03.06.2021 18:19:00 - Милош Ђорђевић се успешно одјавио/ла.
03.06.2021 18:17:31 - Милош Ђорђевић се успешно пријавио/ла.
03.06.2021 18:17:20 - Mata Hari се успешно одјавио/ла.
03.06.2021 14:19:30 - Mata Hari се успешно пријавио/ла.
03.06.2021 14:19:26 - Пера Перић се успешно одјавио/ла.
03.06.2021 14:19:16 - Пера Перић се успешно пријавио/ла.
03.06.2021 14:19:03 - Mata Hari се успешно одјавио/ла.
03.06.2021 14:18:03 - Mata Hari се успешно пријавио/ла.
03.06.2021 14:18:01 - Неда Костић се успешно одјавио/ла.
03.06.2021 14:17:40 - Неда Костић се успешно пријавио/ла.
03.06.2021 14:17:32 - Милош Ђорђевић се успешно одјавио/ла.
03.06.2021 14:17:18 - Милош Ђорђевић се успешно пријавио/ла.
03.06.2021 14:17:05 - Mata Hari се успешно одјавио/ла.
03.06.2021 14:16:57 - Mata Hari се успешно пријавио/ла.
03.06.2021 14:10:58 - Милош Ђорђевић се успешно одјавио/ла.
03.06.2021 14:10:39 - Милош Ђорђевић се успешно пријавио/ла.
03.06.2021 14:10:26 - Неда Костић се успешно одјавио/ла.
03.06.2021 14:09:29 - Неда Костић се успешно пријавио/ла.
03.06.2021 14:09:23 - Пера Перић се успешно одјавио/ла.
03.06.2021 14:09:07 - Пера Перић се успешно пријавио/ла.
03.06.2021 14:08:53 - Mata Hari се успешно одјавио/ла.
03.06.2021 14:05:54 - Mata Hari се успешно пријавио/ла.
03.06.2021 14:05:53 - Mata Hari се успешно одјавио/ла.
03.06.2021 14:03:23 - Mata Hari се успешно пријавио/ла.
03.06.2021 14:03:22 - Mata Hari се успешно одјавио/ла.
03.06.2021 13:54:12 - Mata Hari се успешно пријавио/ла.
03.06.2021 13:54:08 - Пера Перић се успешно одјавио/ла.
03.06.2021 13:54:03 - Пера Перић се успешно пријавио/ла.
03.06.2021 13:53:48 - Неда Костић се успешно одјавио/ла.
03.06.2021 13:53:46 - Неда Костић се успешно пријавио/ла.
03.06.2021 13:53:35 - Милош Ђорђевић се успешно одјавио/ла.
03.06.2021 13:53:33 - Милош Ђорђевић се успешно пријавио/ла.
03.06.2021 13:53:22 - Mata Hari се успешно одјавио/ла.
03.06.2021 13:53:21 - Mata Hari се успешно пријавио/ла.
03.06.2021 13:53:18 - Mata Hari се успешно одјавио/ла.
03.06.2021 13:53:15 - Mata Hari се успешно пријавио/ла.
03.06.2021 13:53:14 - Mata Hari се успешно одјавио/ла.
03.06.2021 13:52:43 - Mata Hari се успешно пријавио/ла.
03.06.2021 13:52:42 - Mata Hari се успешно одјавио/ла.
03.06.2021 13:49:35 - Mata Hari се успешно пријавио/ла.
03.06.2021 13:49:31 - Mata Hari се успешно одјавио/ла.
03.06.2021 13:48:57 - Mata Hari се успешно одјавио/ла.
03.06.2021 13:48:21 - Mata Hari се успешно пријавио/ла.
03.06.2021 13:48:15 - Милош Ђорђевић се успешно одјавио/ла.
03.06.2021 13:48:11 - Милош Ђорђевић се успешно пријавио/ла.
03.06.2021 13:48:02 - Mata Hari се успешно одјавио/ла.
03.06.2021 13:46:21 - Mata Hari се успешно пријавио/ла.
03.06.2021 13:46:20 - Mata Hari се успешно одјавио/ла.
03.06.2021 13:44:20 - Mata Hari се успешно пријавио/ла.
03.06.2021 13:44:18 - Mata Hari се успешно одјавио/ла.
03.06.2021 13:43:55 - Mata Hari се успешно пријавио/ла.
03.06.2021 13:43:53 - Mata Hari се успешно одјавио/ла.
03.06.2021 13:37:19 - Mata Hari се успешно пријавио/ла.
03.06.2021 13:37:14 - Пера Перић се успешно одјавио/ла.
03.06.2021 13:33:37 - Пера Перић се успешно пријавио/ла.
03.06.2021 13:33:00 - Корисник са е-адресом pperic@skola.com не постоји.
03.06.2021 13:32:55 - Корисник са е-адресом pperic@skola.com не постоји.
03.06.2021 13:32:32 - Mata Hari се успешно одјавио/ла.
03.06.2021 13:32:29 - Mata Hari се успешно пријавио/ла.
03.06.2021 13:32:27 - Милош Ђорђевић се успешно одјавио/ла.
03.06.2021 13:02:52 - Милош Ђорђевић се успешно пријавио/ла.
03.06.2021 13:02:19 - Милош Ђорђевић се успешно одјавио/ла.
03.06.2021 12:57:13 - Милош Ђорђевић се успешно пријавио/ла.
03.06.2021 12:57:04 - Mata Hari се успешно одјавио/ла.
03.06.2021 12:57:00 - Mata Hari се успешно пријавио/ла.
03.06.2021 12:56:59 - Неда Костић се успешно одјавио/ла.
03.06.2021 12:56:17 - Неда Костић се успешно пријавио/ла.
03.06.2021 12:56:07 - Mata Hari се успешно одјавио/ла.
03.06.2021 12:56:03 - Mata Hari се успешно пријавио/ла.
03.06.2021 12:56:02 - Милош Ђорђевић се успешно одјавио/ла.
03.06.2021 12:36:35 - Милош Ђорђевић се успешно пријавио/ла.
03.06.2021 12:36:25 - Mata Hari се успешно одјавио/ла.
03.06.2021 12:36:19 - Mata Hari се успешно пријавио/ла.
03.06.2021 12:36:17 - Милош Ђорђевић се успешно одјавио/ла.
03.06.2021 12:35:37 - Милош Ђорђевић се успешно пријавио/ла.
03.06.2021 12:35:26 - Mata Hari се успешно одјавио/ла.
03.06.2021 12:35:16 - Mata Hari се успешно пријавио/ла.
03.06.2021 12:35:13 - Неда Костић се успешно одјавио/ла.
03.06.2021 12:35:00 - Неда Костић се успешно пријавио/ла.
03.06.2021 12:34:48 - Милош Ђорђевић се успешно одјавио/ла.
03.06.2021 12:32:40 - Милош Ђорђевић се успешно пријавио/ла.
03.06.2021 12:32:31 - Mata Hari се успешно одјавио/ла.
03.06.2021 12:13:42 - Mata Hari се успешно пријавио/ла.
03.06.2021 12:13:36 - Милош Ђорђевић се успешно одјавио/ла.
03.06.2021 12:07:16 - Милош Ђорђевић се успешно пријавио/ла.
03.06.2021 12:07:05 - Mata Hari се успешно одјавио/ла.
03.06.2021 11:56:48 - Mata Hari се успешно пријавио/ла.
03.06.2021 11:56:40 - Милош Ђорђевић се успешно одјавио/ла.
03.06.2021 11:16:47 - Милош Ђорђевић се успешно пријавио/ла.
03.06.2021 11:16:34 - Mata Hari се успешно одјавио/ла.
03.06.2021 11:16:26 - Mata Hari се успешно пријавио/ла.
03.06.2021 11:16:23 - Mata Hari се успешно одјавио/ла.
03.06.2021 11:15:59 - Mata Hari се успешно пријавио/ла.
03.06.2021 11:15:57 - Милош Ђорђевић се успешно одјавио/ла.
03.06.2021 10:33:49 - Милош Ђорђевић се успешно пријавио/ла.
03.06.2021 10:33:04 - Mata Hari се успешно одјавио/ла.
03.06.2021 10:32:58 - Mata Hari се успешно пријавио/ла.
03.06.2021 10:32:55 - Милош Ђорђевић се успешно одјавио/ла.
03.06.2021 10:25:36 - Милош Ђорђевић се успешно пријавио/ла.
03.06.2021 10:25:24 - Милош Ђорђевић се успешно одјавио/ла.
03.06.2021 09:57:52 - Милош Ђорђевић се успешно пријавио/ла.
02.06.2021 23:22:48 - Милош Ђорђевић се успешно пријавио/ла.
02.06.2021 23:22:35 - Mata Hari се успешно одјавио/ла.
02.06.2021 23:01:54 - Mata Hari се успешно пријавио/ла.
02.06.2021 23:01:52 - Неда Костић се успешно одјавио/ла.
02.06.2021 23:01:47 - Неда Костић се успешно пријавио/ла.
02.06.2021 23:01:38 - Mata Hari се успешно одјавио/ла.
02.06.2021 23:01:34 - Mata Hari се успешно пријавио/ла.
02.06.2021 23:01:32 - Милош Ђорђевић се успешно одјавио/ла.
02.06.2021 23:00:18 - Милош Ђорђевић се успешно пријавио/ла.
02.06.2021 23:00:08 - Mata Hari се успешно одјавио/ла.
02.06.2021 22:57:15 - Mata Hari се успешно пријавио/ла.
02.06.2021 22:57:13 - Неда Костић се успешно одјавио/ла.
02.06.2021 22:54:23 - Неда Костић се успешно пријавио/ла.
02.06.2021 22:54:07 - Mata Hari се успешно одјавио/ла.
02.06.2021 22:54:01 - Mata Hari се успешно пријавио/ла.
02.06.2021 22:53:59 - Милош Ђорђевић се успешно одјавио/ла.
02.06.2021 22:50:06 - Милош Ђорђевић се успешно пријавио/ла.
02.06.2021 22:49:54 - Mata Hari се успешно одјавио/ла.
02.06.2021 22:48:07 - Mata Hari се успешно пријавио/ла.
02.06.2021 22:46:46 - Неда Костић се успешно одјавио/ла.
02.06.2021 22:46:38 - Неда Костић се успешно пријавио/ла.
02.06.2021 22:46:30 - Mata Hari се успешно одјавио/ла.
02.06.2021 22:46:29 - Mata Hari се успешно пријавио/ла.
02.06.2021 22:46:26 - Милош Ђорђевић се успешно одјавио/ла.
02.06.2021 22:46:11 - Милош Ђорђевић се успешно пријавио/ла.
02.06.2021 22:46:00 - Mata Hari се успешно одјавио/ла.
02.06.2021 22:45:58 - Mata Hari се успешно пријавио/ла.
02.06.2021 22:45:57 - Mata Hari се успешно одјавио/ла.
02.06.2021 22:42:52 - Mata Hari се успешно пријавио/ла.
02.06.2021 22:42:50 - Милош Ђорђевић се успешно одјавио/ла.
02.06.2021 22:42:45 - Милош Ђорђевић се успешно пријавио/ла.
02.06.2021 22:42:40 - Погрешно унет емаил или лозинка.(milos.somi442@gmail.com)
02.06.2021 22:42:27 - Mata Hari се успешно одјавио/ла.
02.06.2021 22:41:50 - Mata Hari се успешно пријавио/ла.
02.06.2021 22:41:46 - Милош Ђорђевић се успешно одјавио/ла.
02.06.2021 22:41:39 - Милош Ђорђевић се успешно пријавио/ла.
02.06.2021 22:41:27 - Mata Hari се успешно одјавио/ла.
02.06.2021 22:41:22 - Mata Hari се успешно пријавио/ла.
02.06.2021 22:25:07 - Милош Ђорђевић се успешно одјавио/ла.
02.06.2021 18:27:46 - Милош Ђорђевић се успешно пријавио/ла.
02.06.2021 18:23:53 - Mata Hari се успешно одјавио/ла.
02.06.2021 18:23:43 - Mata Hari се успешно пријавио/ла.
02.06.2021 18:23:37 - Милош Ђорђевић се успешно одјавио/ла.
02.06.2021 18:21:40 - Милош Ђорђевић се успешно пријавио/ла.
02.06.2021 18:21:29 - Mata Hari се успешно одјавио/ла.
02.06.2021 18:21:25 - Mata Hari се успешно пријавио/ла.
02.06.2021 18:21:24 - Неда Костић се успешно одјавио/ла.
02.06.2021 18:21:15 - Неда Костић се успешно пријавио/ла.
02.06.2021 18:21:08 - Милош Ђорђевић се успешно одјавио/ла.
02.06.2021 18:20:51 - Милош Ђорђевић се успешно пријавио/ла.
02.06.2021 18:20:39 - Mata Hari се успешно одјавио/ла.
02.06.2021 18:20:32 - Mata Hari се успешно пријавио/ла.
02.06.2021 18:20:31 - Неда Костић се успешно одјавио/ла.
02.06.2021 18:20:20 - Неда Костић се успешно пријавио/ла.
02.06.2021 18:20:13 - Милош Ђорђевић се успешно одјавио/ла.
02.06.2021 17:54:44 - Милош Ђорђевић се успешно пријавио/ла.
02.06.2021 17:54:33 - Mata Hari се успешно одјавио/ла.
02.06.2021 17:54:25 - Mata Hari се успешно пријавио/ла.
02.06.2021 17:54:23 - Неда Костић се успешно одјавио/ла.
02.06.2021 17:54:11 - Неда Костић се успешно пријавио/ла.
02.06.2021 17:53:59 - Mata Hari се успешно одјавио/ла.
02.06.2021 17:53:34 - Mata Hari се успешно пријавио/ла.
02.06.2021 17:53:29 - Милош Ђорђевић се успешно одјавио/ла.
02.06.2021 16:56:57 - Милош Ђорђевић се успешно пријавио/ла.
02.06.2021 16:56:44 - Mata Hari се успешно одјавио/ла.
02.06.2021 16:54:27 - Mata Hari се успешно пријавио/ла.
02.06.2021 16:54:26 - Неда Костић се успешно одјавио/ла.
02.06.2021 16:47:01 - Неда Костић се успешно пријавио/ла.
02.06.2021 16:44:37 - Милош Ђорђевић се успешно одјавио/ла.
02.06.2021 16:44:13 - Милош Ђорђевић се успешно пријавио/ла.
02.06.2021 16:43:56 - Mata Hari се успешно одјавио/ла.
02.06.2021 16:43:20 - Mata Hari се успешно пријавио/ла.
02.06.2021 16:43:17 - Неда Костић се успешно одјавио/ла.
02.06.2021 16:43:02 - Неда Костић се успешно пријавио/ла.
02.06.2021 16:42:55 - Mata Hari се успешно одјавио/ла.
02.06.2021 16:42:45 - Mata Hari се успешно пријавио/ла.
02.06.2021 16:42:42 - Милош Ђорђевић се успешно одјавио/ла.
02.06.2021 16:41:59 - Милош Ђорђевић се успешно пријавио/ла.
02.06.2021 16:41:46 - Mata Hari се успешно одјавио/ла.
02.06.2021 16:41:21 - Mata Hari се успешно пријавио/ла.
02.06.2021 16:40:32 - Милош Ђорђевић се успешно одјавио/ла.
02.06.2021 16:40:19 - Милош Ђорђевић се успешно пријавио/ла.
02.06.2021 16:40:09 - Mata Hari се успешно одјавио/ла.
02.06.2021 16:40:02 - Mata Hari се успешно пријавио/ла.
02.06.2021 16:39:48 - Неда Костић се успешно одјавио/ла.
02.06.2021 16:39:22 - Неда Костић се успешно пријавио/ла.
02.06.2021 16:39:07 - Mata Hari се успешно одјавио/ла.
02.06.2021 16:31:23 - Mata Hari се успешно пријавио/ла.
02.06.2021 16:30:52 - Милош Ђорђевић се успешно одјавио/ла.
02.06.2021 14:44:32 - Милош Ђорђевић се успешно пријавио/ла.
02.06.2021 14:44:26 - Неда Костић се успешно одјавио/ла.
02.06.2021 14:44:20 - Неда Костић се успешно пријавио/ла.
02.06.2021 14:44:14 - Милош Ђорђевић се успешно одјавио/ла.
02.06.2021 14:34:02 - Милош Ђорђевић се успешно пријавио/ла.
02.06.2021 14:33:56 - Неда Костић се успешно одјавио/ла.
02.06.2021 14:33:40 - Неда Костић се успешно пријавио/ла.
02.06.2021 14:33:35 - Погрешно унет емаил или лозинка.(neda@skola.com)
02.06.2021 14:33:22 - Милош Ђорђевић се успешно одјавио/ла.
02.06.2021 14:02:50 - Милош Ђорђевић се успешно пријавио/ла.
02.06.2021 14:02:42 - Милош Ђорђевић се успешно одјавио/ла.
02.06.2021 12:09:27 - Милош Ђорђевић се успешно пријавио/ла.
02.06.2021 12:09:21 - Mata Hari се успешно одјавио/ла.
02.06.2021 12:09:05 - Mata Hari се успешно пријавио/ла.
02.06.2021 12:08:50 - Неда Костић се успешно одјавио/ла.
02.06.2021 12:08:46 - Неда Костић се успешно пријавио/ла.
02.06.2021 12:08:40 - Милош Ђорђевић се успешно одјавио/ла.
02.06.2021 12:07:25 - Милош Ђорђевић се успешно пријавио/ла.
02.06.2021 12:07:19 - Mata Hari се успешно одјавио/ла.
02.06.2021 12:07:14 - Mata Hari се успешно пријавио/ла.
02.06.2021 12:06:52 - Неда Костић се успешно одјавио/ла.
02.06.2021 12:06:46 - Неда Костић се успешно пријавио/ла.
02.06.2021 12:06:40 - Милош Ђорђевић се успешно одјавио/ла.
02.06.2021 12:02:28 - Милош Ђорђевић се успешно пријавио/ла.
02.06.2021 12:02:22 - Неда Костић се успешно одјавио/ла.
02.06.2021 12:02:19 - Неда Костић се успешно пријавио/ла.
02.06.2021 12:02:06 - Mata Hari се успешно одјавио/ла.
02.06.2021 11:55:46 - Mata Hari се успешно пријавио/ла.
02.06.2021 11:55:28 - Погрешно унет емаил или лозинка.(matahari@gmail.com)
02.06.2021 11:55:15 - Hanibal Lektor се успешно одјавио/ла.
02.06.2021 11:54:56 - Hanibal Lektor се успешно пријавио/ла.
02.06.2021 11:54:33 - Корисник са е-адресом lektor@gmai.com не постоји.
02.06.2021 11:54:05 - Неда Костић се успешно одјавио/ла.
02.06.2021 11:53:56 - Неда Костић се успешно пријавио/ла.
02.06.2021 11:53:43 - Милош Ђорђевић се успешно одјавио/ла.
02.06.2021 11:49:06 - Милош Ђорђевић се успешно пријавио/ла.
02.06.2021 11:48:07 - Милош Ђорђевић се успешно одјавио/ла.
02.06.2021 11:42:25 - Милош Ђорђевић се успешно пријавио/ла.
02.06.2021 11:42:07 - Неда Костић се успешно одјавио/ла.
02.06.2021 11:40:42 - Неда Костић се успешно пријавио/ла.
02.06.2021 11:40:36 - Милош Ђорђевић се успешно одјавио/ла.
02.06.2021 11:17:20 - Милош Ђорђевић се успешно пријавио/ла.
01.06.2021 15:01:06 - Милош Ђорђевић се успешно одјавио/ла.
01.06.2021 14:55:00 - Милош Ђорђевић се успешно пријавио/ла.
01.06.2021 14:45:02 - Милош Ђорђевић се успешно одјавио/ла.
01.06.2021 14:39:03 - Милош Ђорђевић се успешно пријавио/ла.
01.06.2021 12:09:09 - Милош Ђорђевић се успешно одјавио/ла.
01.06.2021 11:04:45 - Милош Ђорђевић се успешно пријавио/ла.
01.06.2021 10:15:54 - Неда Костић се успешно одјавио/ла.
01.06.2021 10:15:39 - Неда Костић се успешно пријавио/ла.
01.06.2021 10:15:33 - Милош Ђорђевић се успешно одјавио/ла.
01.06.2021 10:08:20 - Милош Ђорђевић се успешно пријавио/ла.
31.05.2021 19:28:59 - Милош Ђорђевић се успешно одјавио/ла.
31.05.2021 10:34:03 - Милош Ђорђевић се успешно пријавио/ла.
30.05.2021 09:43:28 - Милош Ђорђевић се успешно пријавио/ла.
28.05.2021 21:56:56 - Милош Ђорђевић се успешно одјавио/ла.
28.05.2021 21:50:29 - Милош Ђорђевић се успешно пријавио/ла.
28.05.2021 18:44:27 - Милош Ђорђевић се успешно одјавио/ла.
28.05.2021 11:26:46 - Милош Ђорђевић се успешно пријавио/ла.
27.05.2021 21:19:44 - Милош Ђорђевић се успешно пријавио/ла.
27.05.2021 15:32:36 - Милош Ђорђевић се успешно пријавио/ла.
27.05.2021 15:25:20 - Милош Ђорђевић се успешно одјавио/ла.
27.05.2021 15:25:18 - Милош Ђорђевић се успешно пријавио/ла.
27.05.2021 15:25:07 - Неки од података садрже недозвољени карактер. (milos@skola.com'+'+*= mmilos)
27.05.2021 15:24:42 - Корисник са емаил-ом milos.soasmi442@gmail.com не постоји.
27.05.2021 15:24:32 - Погрешно унет емаил или лозинка.(milos.somi442@gmail.com)
27.05.2021 15:24:16 - Погрешно унет емаил или лозинка.(neda@skola.com)
27.05.2021 15:24:08 - Корисник са емаил-ом asfas не постоји.
27.05.2021 15:24:04 - Корисник  Није унео све податке.
27.05.2021 15:08:39 - Неда Костић се успешно одјавио/ла.
27.05.2021 15:08:38 - Неда Костић се успешно пријавио/ла.
27.05.2021 15:07:36 -  се успешно одјавио/ла.
27.05.2021 15:07:34 - Милош Ђорђевић се успешно пријавио/ла.
27.05.2021 15:06:05 -  се успешно одјавио/ла.
27.05.2021 15:06:00 - Неда Костић се успешно пријавио/ла.
27.05.2021 15:05:52 -  се успешно одјавио/ла.
27.05.2021 15:05:43 - Милош Ђорђевић се успешно пријавио/ла.
27.05.2021 15:05:35 -  се успешно одјавио/ла.
27.05.2021 15:04:44 -  се успешно пријавио/ла.
27.05.2021 15:04:37 -  се успешно одјавио/ла.
27.05.2021 14:58:36 - Неда Костић се успешно пријавио.
27.05.2021 14:58:28 -   се успешно одјавио.
27.05.2021 14:58:09 - Милош Ђорђевић се успешно пријавио.
27.05.2021 14:57:54 -   се успешно одјавио.
