20.07.2021 11:31:42 -  Успешно додат артикал. (Peljeskavica na kajmaku 590).
20.07.2021 11:31:11 - Успешно измењен арикал. (Pljeskavica na kajmaku i pecurkama 590).
20.07.2021 11:30:58 -  Успешно додат артикал. (Pljeskavica na kajmaku 590).
20.07.2021 11:30:37 - Успешно измењен арикал. (Borovnica 155).
20.07.2021 11:30:30 -  Успешно додат артикал. (Borovnica 150).
20.07.2021 11:28:40 -  Успешно додат корисник. (Dodat 2 Korisnik2).
20.07.2021 11:25:54 - Успешно измењен корисник. (Dodat Korisnicic).
20.07.2021 11:24:58 -  Успешно додат корисник. (Dodat Korisnik).
01.07.2021 17:26:05 -  Успешно додат корисник. (O\'nea fdfasf\'fasfas).
28.06.2021 14:39:47 -  Успешно додат корисник. (Novi Korisnik).
28.06.2021 14:38:43 - Успешно измењен корисник. (test test2).
28.06.2021 14:37:54 - Успешно измењен корисник. (test test2).
27.06.2021 19:42:32 -  Успешно додат корисник. (test test2).
27.06.2021 19:39:32 -  Успешно додат корисник. (Luka Savicevic ).
26.06.2021 11:53:50 - Успешно измењен корисник. (Mata Hari).
26.06.2021 11:53:03 - Успешно измењен корисник. (Mata Hari).
24.06.2021 19:13:11 -  Успешно додат корисник. (O\'nil Seki).
24.06.2021 19:11:18 -  Успешно додат корисник. (O nil Seki).
24.06.2021 19:10:16 -  Успешно додат корисник. (O nil Seki).
24.06.2021 19:10:13 -  Успешно додат корисник. (O nil Seki).
24.06.2021 19:10:07 -  Успешно додат корисник. (O nil Seki).
24.06.2021 19:09:02 -  Успешно додат корисник. (O`nil Seki).
24.06.2021 19:03:04 -  Успешно додат корисник. (O`conel Konan).
24.06.2021 16:55:35 - Успешно измењен корисник. (Gordon  Ramsay).
24.06.2021 16:55:24 - Успешно измењен корисник. (Mata Hari).
24.06.2021 16:55:12 - Успешно измењен корисник. (Hanibal Lektor).
24.06.2021 16:54:59 - Успешно измењен корисник. (Пера Перић).
24.06.2021 16:54:44 - Успешно измењен корисник. (Неда Костић).
24.06.2021 16:54:26 - Успешно измењен корисник. (Милош Ђорђевић).
24.06.2021 16:52:56 -  Успешно додат корисник. (Filip Filipovic).
24.06.2021 16:52:19 -  Успешно додат корисник. (Test Test2).
24.06.2021 16:49:04 -  Успешно додат корисник. (Filip Filipovic).
24.06.2021 16:47:21 -  Успешно додат корисник. (Test Test2).
24.06.2021 16:38:02 -  Успешно додат корисник. (Test Test2).
24.06.2021 16:37:12 -  Успешно додат корисник. (Test Test2).
24.06.2021 16:36:20 -  Успешно додат корисник. (Test Test2).
24.06.2021 16:36:01 -  Успешно додат корисник. (Test Test2).
24.06.2021 16:23:00 -  Успешно додат корисник. (Filip Filipovic).
24.06.2021 16:05:29 - Успешно измењен корисник. (Filip Filipovic).
24.06.2021 16:04:58 -  Успешно додат корисник. (Filip Filipovic).
24.06.2021 16:01:54 -  Успешно додат корисник. (Filip Filipovic).
24.06.2021 16:00:57 -  Успешно додат корисник. (Filip Filipovic).
24.06.2021 15:58:03 -  Успешно додат корисник. (Filip Filipovic).
24.06.2021 15:53:56 -  Успешно додат корисник. (Filip Filipovic).
24.06.2021 15:50:02 -  Успешно додат корисник. (ewaeq eqweqwe).
20.06.2021 22:28:46 -  Успешно додат артикал. (Енглески доручак 230).
20.06.2021 22:27:15 -  Успешно додат артикал. (Зајечарско 180).
04.06.2021 14:34:47 -  Успешно додат артикал. (Ћевапи  550).
04.06.2021 14:33:32 -  Успешно додат артикал. (Бресква 120).
04.06.2021 14:32:00 - Успешно измењен корисник. (Gordon  Ramsay).
04.06.2021 14:31:15 - Успешно измењен корисник. (Mata Hari).
04.06.2021 14:31:04 - Успешно измењен корисник. (Hanibal Lektor).
04.06.2021 14:30:22 - Успешно измењен корисник. (Пера Перић).
31.05.2021 15:38:12 -  Успешно додат артикал. (Red label 150).
30.05.2021 19:18:53 -  Успешно додат артикал. (Red label 150).
30.05.2021 19:01:03 - Успешно измењен арикал. (Ролована џигерица 550).
30.05.2021 18:56:04 -  Успешно додат артикал. (Rolovana Dzigerica 550).
30.05.2021 17:31:35 - Успешно измењен арикал. (Никшићко 223).
30.05.2021 17:31:11 - Успешно измењен арикал. (Роловано бело 546).
30.05.2021 17:29:13 -  Успешно додат артикал. (Borovnica 132).
30.05.2021 17:29:03 -  Успешно додат артикал. (Niksicko 223).
30.05.2021 17:28:49 -  Успешно додат артикал. (Urnebes  150).
30.05.2021 17:28:34 -  Успешно додат артикал. (Pileci file 455).
30.05.2021 17:28:18 -  Успешно додат артикал. (Rolovano Belo 546).
30.05.2021 17:27:09 -  Успешно додат артикал. (rolovano belo 45).
30.05.2021 17:26:43 -  Успешно додат артикал. (rolovana dzigerica 6767).
30.05.2021 17:26:33 -  Успешно додат артикал. (jagoda 899).
30.05.2021 17:26:19 -  Успешно додат артикал. (djus 22223).
30.05.2021 17:26:05 -  Успешно додат артикал. (Borovnica 532).
30.05.2021 17:25:50 -  Успешно додат артикал. (rolovana visla 234).
30.05.2021 17:22:15 -  Успешно додат артикал. (Rolovana dzigerica 111111).
30.05.2021 17:21:53 -  Успешно додат артикал. (Rolovano BElo 22).
30.05.2021 17:16:40 -  Успешно додат артикал. (test 555555).
30.05.2021 17:16:29 - Успешно измењен арикал. (test 4444).
30.05.2021 17:16:14 - Успешно измењен арикал. (test 33333).
30.05.2021 17:15:45 -  Успешно додат артикал. (test 2222).
30.05.2021 17:10:55 -  Успешно додат артикал. (Rolovana dzigerica 1123).
30.05.2021 17:10:29 -  Успешно додат артикал. (klaker 2 111111).
30.05.2021 17:10:19 -  Успешно додат артикал. (klaker 3 2).
30.05.2021 17:09:28 -  Успешно додат артикал. (Klaker 455).
30.05.2021 17:08:50 -  Успешно додат артикал. (rolovano belo 78545).
30.05.2021 17:08:20 -  Успешно додат артикал. (roovano 455444).
30.05.2021 16:56:14 - Успешно измењен арикал. (тест  2).
30.05.2021 16:55:59 - Успешно измењен арикал. (рр 1).
30.05.2021 16:55:52 - Успешно измењен арикал. (rolll 5).
30.05.2021 16:55:32 - Успешно измењен арикал. (тест 787 1).
30.05.2021 16:55:19 - Успешно измењен арикал. (рр 0).
30.05.2021 16:55:05 - Успешно измењен арикал. (kkkkkk 0).
30.05.2021 16:54:41 - Успешно измењен арикал. (рр 2).
30.05.2021 16:54:33 - Успешно измењен арикал. (kkkkkk 6).
30.05.2021 16:54:22 - Успешно измењен арикал. (рр 2).
30.05.2021 16:54:11 - Успешно измењен арикал. (rolll 6).
30.05.2021 16:53:53 - Успешно измењен арикал. (тест  6666).
30.05.2021 16:53:04 - Успешно измењен арикал. (тест  04444).
30.05.2021 16:52:47 - Успешно измењен арикал. (kkkkkk 655555).
30.05.2021 16:50:48 - Успешно измењен арикал. (тест  0).
30.05.2021 16:50:34 - Успешно измењен арикал. (rolll 5).
30.05.2021 16:49:52 -  Успешно додат артикал. (rolll virsla 2222314).
30.05.2021 16:48:16 - Успешно измењен арикал. (iiiii 65).
30.05.2021 16:47:53 - Успешно измењен арикал. (тест  55).
30.05.2021 16:46:42 - Успешно измењен арикал. (тест  555).
30.05.2021 16:42:21 -  Успешно додат артикал. (ффффф 111).
30.05.2021 16:42:10 -  Успешно додат артикал. (ррфффф 2).
30.05.2021 16:41:20 - Успешно измењен арикал. (тест 11111111111 444).
30.05.2021 16:41:07 - Успешно измењен арикал. (тестолинји 22222).
30.05.2021 16:40:50 - Успешно измењен арикал. (Роловано бело 5 55444).
30.05.2021 16:40:36 - Успешно измењен арикал. (тест 200).
30.05.2021 16:40:25 - Успешно измењен арикал. (тест77777 10).
30.05.2021 16:39:33 -  Успешно додат артикал. (боровница 5).
30.05.2021 16:38:33 - Успешно измењен арикал. (тест6655555555444 52).
30.05.2021 16:38:13 - Успешно измењен арикал. (тест6666 77).
30.05.2021 16:37:20 - Успешно измењен арикал. (тест 32323 44444).
30.05.2021 16:37:10 - Успешно измењен арикал. (Роловано бело 2 111111).
30.05.2021 16:36:50 - Успешно измењен арикал. (Роловано бело 1 5555).
30.05.2021 16:35:31 - Успешно измењен арикал. (Роловано бело 4 33333).
30.05.2021 16:35:30 - Успешно измењен арикал. (Роловано бело 4 33333).
30.05.2021 16:35:12 - Успешно измењен арикал. (Роловано бело 2 11111).
30.05.2021 16:35:05 - Успешно измењен арикал. (Роловано бело 2 11111).
30.05.2021 16:34:51 - Успешно измењен арикал. (Роловано бело  0).
30.05.2021 16:34:38 - Успешно измењен арикал. (тест  0).
30.05.2021 16:32:52 - Успешно измењен арикал. (Роловано бело 2222 6543).
30.05.2021 16:32:13 - Успешно измењен арикал. (Роловано бело греска 232222).
30.05.2021 16:31:49 -  Успешно додат артикал. (Роловано бело 232).
30.05.2021 16:31:15 - Успешно измењен арикал. (тест тест 233).
30.05.2021 16:30:28 - Успешно измењен арикал. (тест у храну 23).
30.05.2021 16:29:14 - Успешно измењен арикал. (тест344 2312).
30.05.2021 16:28:54 - Успешно измењен арикал. (тест 23 212).
30.05.2021 16:28:41 -  Успешно додат артикал. (јоргован 212).
30.05.2021 16:28:30 -  Успешно додат артикал. (тест 3 21).
30.05.2021 16:23:02 -  Успешно додат артикал. (тест 34 234).
30.05.2021 16:22:56 -  Успешно додат артикал. (тест 23).
30.05.2021 16:16:06 -  Успешно додат артикал. (зутр 54).
30.05.2021 16:16:06 -  Успешно додат артикал. (зутр 54).
30.05.2021 16:15:51 -  Успешно додат артикал. (ррррррррр 43).
30.05.2021 16:15:51 -  Успешно додат артикал. (ррррррррр 43).
30.05.2021 16:15:34 -  Успешно додат артикал. (зттттт 43).
30.05.2021 16:13:08 -  Успешно додат артикал. (дасдааааа 22).
30.05.2021 16:13:08 -  Успешно додат артикал. (дасдааааа 22).
30.05.2021 16:13:08 -  Успешно додат артикал. (дасдааааа 22).
30.05.2021 16:13:08 -  Успешно додат артикал. (дасдааааа 22).
30.05.2021 16:12:16 -  Успешно додат артикал. (оклахома 8).
30.05.2021 16:12:16 -  Успешно додат артикал. (оклахома 8).
30.05.2021 16:11:46 -  Успешно додат артикал. (Бадваисер 32).
30.05.2021 16:11:46 -  Успешно додат артикал. (Бадваисер 32).
30.05.2021 16:11:27 -  Успешно додат артикал. (јегер 121).
30.05.2021 16:11:27 -  Успешно додат артикал. (јегер 121).
30.05.2021 16:11:06 - Успешно измењен арикал. (test 324 32).
30.05.2021 16:10:05 - Успешно измењен арикал. (test 1 543643).
30.05.2021 16:10:05 - Успешно измењен арикал. (test 1 543643).
30.05.2021 16:10:05 - Успешно измењен арикал. (test 1 543643).
30.05.2021 16:10:05 - Успешно измењен арикал. (test 1 543643).
30.05.2021 16:07:40 -  Успешно додат артикал. (дасдасо 23).
30.05.2021 16:07:40 -  Успешно додат артикал. (дасдасо 23).
30.05.2021 16:07:39 -  Успешно додат артикал. (дасдасо 23).
30.05.2021 16:07:39 -  Успешно додат артикал. (дасдасо 23).
30.05.2021 16:07:25 -  Успешно додат артикал. (Роловано Бело 432432).
30.05.2021 16:07:25 -  Успешно додат артикал. (Роловано Бело 432432).
30.05.2021 16:07:25 -  Успешно додат артикал. (Роловано Бело 432432).
30.05.2021 16:07:25 -  Успешно додат артикал. (Роловано Бело 432432).
30.05.2021 16:06:52 - Успешно измењен арикал. (Роловано Бело 3432).
30.05.2021 16:06:52 - Успешно измењен арикал. (Роловано Бело 3432).
30.05.2021 16:06:52 - Успешно измењен арикал. (Роловано Бело 3432).
30.05.2021 16:04:22 - Успешно измењен арикал. (test 543643).
30.05.2021 16:04:22 - Успешно измењен арикал. (test 543643).
30.05.2021 16:03:37 -  Успешно додат артикал. (kjh 54).
30.05.2021 16:02:11 -  Успешно додат артикал. (rteet 434).
30.05.2021 16:01:56 -  Успешно додат артикал. (fdsfds 32).
30.05.2021 16:00:31 -  Успешно додат артикал. (twetr twe32).
30.05.2021 16:00:16 -  Успешно додат артикал. (dsadas 23).
30.05.2021 15:46:38 -  Успешно додат артикал. (test2 213).
30.05.2021 15:45:35 -  Успешно додат артикал. (test 5458).
30.05.2021 15:43:11 -  Успешно додат артикал. (rolovano bek 5487).
30.05.2021 15:41:07 -  Успешно додат артикал. (rolovano belo 54212).
30.05.2021 15:37:54 -  Успешно додат артикал. (rolovano belo 1547).
30.05.2021 15:32:35 - Успешно измењен арикал. (Пуњени батак ).
30.05.2021 15:24:27 -  Успешно додат артикал. (Rolovano belo  678).
27.05.2021 15:34:37 - Успешно измењен корисник. (Korisnik 2 Izmena 14543).
27.05.2021 15:34:26 -  Успешно додат корисник. (Korisnik Izmena).
27.05.2021 15:34:03 -  Успешно додат корисник. (Mata Hari).
27.05.2021 15:33:33 -  Успешно додат корисник. (Hanibal Lektor).
