13.08.2021 17:30:27 - Милош Ђорђевић је потврдио/ла резервацију за госта са е-адресом (kemal@turska.com).
13.08.2021 17:30:25 - Милош Ђорђевић је потврдио/ла резервацију за госта са е-адресом (dusan@silni.skola.com).
13.08.2021 17:30:24 - Милош Ђорђевић је потврдио/ла резервацију за госта са е-адресом (figo@portugal.com).
19.07.2021 14:17:22 - Милош Ђорђевић је потврдио/ла резервацију за госта са е-адресом (pperic@skola.com).
19.07.2021 14:16:27 - Милош Ђорђевић је потврдио/ла резервацију за госта са е-адресом (figo@portugal.com).
19.07.2021 14:16:26 - Милош Ђорђевић је потврдио/ла резервацију за госта са е-адресом (душан@силни.gmail.com).
19.07.2021 14:16:25 - Милош Ђорђевић је потврдио/ла резервацију за госта са е-адресом (kemal@turska.com).
24.06.2021 22:05:34 - Милош Ђорђевић је обрисао/ла резервацију госта са е-адресом (marija@skola.com)
24.06.2021 22:05:10 - Милош Ђорђевић је потврдио/ла резервацију за госта са е-адресом (marija@skola.com).
24.06.2021 22:05:06 - Милош Ђорђевић је потврдио/ла резервацију за госта са е-адресом (pperic@skola.com).
24.06.2021 22:03:44 - Милош Ђорђевић је потврдио/ла резервацију за госта са е-адресом (marija@skola.com).
24.06.2021 22:03:42 - Милош Ђорђевић је потврдио/ла резервацију за госта са е-адресом (душан@силни.gmail.com).
24.06.2021 22:03:41 - Милош Ђорђевић је потврдио/ла резервацију за госта са е-адресом (figo@portugal.com).
24.06.2021 22:02:33 - Милош Ђорђевић је обрисао/ла резервацију госта са е-адресом (kemal@turska.com)
24.06.2021 22:02:30 - Милош Ђорђевић је обрисао/ла резервацију госта са е-адресом (pperic@skola.com)
24.06.2021 22:02:20 - Милош Ђорђевић је потврдио/ла резервацију за госта са е-адресом (pperic@skola.com).
24.06.2021 22:02:18 - Милош Ђорђевић је потврдио/ла резервацију за госта са е-адресом (figo@portugal.com).
24.06.2021 22:02:17 - Милош Ђорђевић је потврдио/ла резервацију за госта са е-адресом (душан@силни.gmail.com).
15.06.2021 22:59:14 - Милош Ђорђевић је обрисао/ла резервацију госта са е-адресом (figo@portugal.com)
15.06.2021 22:59:13 - Милош Ђорђевић је обрисао/ла резервацију госта са е-адресом (душан@силни.gmail.com)
15.06.2021 22:59:08 - Милош Ђорђевић је потврдио/ла резервацију за госта са е-адресом (marija@skola.com).
15.06.2021 22:59:03 - Милош Ђорђевић је потврдио/ла резервацију за госта са е-адресом (kemal@turska.com).
15.06.2021 22:59:01 - Милош Ђорђевић је потврдио/ла резервацију за госта са е-адресом (душан@силни.gmail.com).
03.06.2021 23:20:07 - Милош Ђорђевић је обрисао/ла резервацију госта са е-адресом (душан@силни.gmail.com)
03.06.2021 23:20:06 - Милош Ђорђевић је обрисао/ла резервацију госта са е-адресом (figo@portugal.com)
03.06.2021 23:19:07 - Неда Костић је обрисао/ла резервацију госта са е-адресом (kemal@turska.com)
03.06.2021 23:19:05 - Неда Костић је обрисао/ла резервацију госта са е-адресом (marija@skola.com)
03.06.2021 23:19:02 - Неда Костић је обрисао/ла резервацију госта са е-адресом (pperic@skola.com)
03.06.2021 23:18:29 - Милош Ђорђевић је потврдио/ла резервацију за госта са е-адресом (marija@skola.com).
03.06.2021 23:18:28 - Милош Ђорђевић је потврдио/ла резервацију за госта са е-адресом (kemal@turska.com).
03.06.2021 23:18:27 - Милош Ђорђевић је потврдио/ла резервацију за госта са е-адресом (душан@силни.gmail.com).
03.06.2021 23:18:26 - Милош Ђорђевић је потврдио/ла резервацију за госта са е-адресом (figo@portugal.com).
03.06.2021 23:18:24 - Милош Ђорђевић је потврдио/ла резервацију за госта са е-адресом (pperic@skola.com).
03.06.2021 21:28:36 -  је обрисао/ла резервацију госта са е-адресом ()
03.06.2021 21:28:25 -  је обрисао/ла резервацију госта са е-адресом ()
03.06.2021 12:57:55 - Милош Ђорђевић је обрисао/ла резервацију госта са е-адресом (pperic@skola.com)
03.06.2021 12:56:51 - Неда Костић је потврдио/ла резервацију за госта са е-адресом (душан@силни.gmail.com).
03.06.2021 12:56:50 - Неда Костић је обрисао/ла резервацију госта са е-адресом (marija@skola.com)
03.06.2021 12:56:48 - Неда Костић је потврдио/ла резервацију за госта са е-адресом (marija@skola.com).
03.06.2021 12:56:42 - Неда Костић је обрисао/ла резервацију госта са е-адресом (kemal@turska.com)
03.06.2021 12:56:40 - Неда Костић је обрисао/ла резервацију госта са е-адресом (figo@portugal.com)
03.06.2021 12:56:40 - Неда Костић је потврдио/ла резервацију за госта са е-адресом (figo@portugal.com).
03.06.2021 12:56:36 - Неда Костић је потврдио/ла резервацију за госта са е-адресом (pperic@skola.com).
03.06.2021 12:36:16 - Милош Ђорђевић је обрисао/ла резервацију госта са е-адресом (marija@skola.com)
03.06.2021 12:36:14 - Милош Ђорђевић је обрисао/ла резервацију госта са е-адресом (душан@силни.gmail.com)
03.06.2021 12:35:06 - Неда Костић је потврдио/ла резервацију за госта са е-адресом (marija@skola.com).
03.06.2021 12:35:03 - Неда Костић је потврдио/ла резервацију за госта са е-адресом (душан@силни.gmail.com).
03.06.2021 12:32:51 - Милош Ђорђевић је потврдио/ла резервацију за госта са е-адресом (marija@skola.com).
03.06.2021 12:32:44 - Милош Ђорђевић је потврдио/ла резервацију за госта са е-адресом (душан@силни.gmail.com).
03.06.2021 11:13:51 - Милош Ђорђевић је потврдио/ла резервацију за госта са е-адресом (marija@skola.com).
03.06.2021 11:13:50 - Милош Ђорђевић је потврдио/ла резервацију за госта са е-адресом (душан@силни.gmail.com).
03.06.2021 11:12:27 - Милош Ђорђевић је потврдио/ла резервацију за госта са е-адресом (marija@skola.com).
03.06.2021 11:12:23 - Милош Ђорђевић је потврдио/ла резервацију за госта са е-адресом (душан@силни.gmail.com).
03.06.2021 11:10:55 - Милош Ђорђевић је потврдио/ла резервацију за госта са е-адресом (marija@skola.com).
03.06.2021 10:34:07 - Милош Ђорђевић је потврдио/ла резервацију за госта са е-адресом (душан@силни.gmail.com).
03.06.2021 10:32:47 - Милош Ђорђевић је потврдио/ла резервацију за госта са е-адресом (marija@skola.com).
03.06.2021 10:32:46 - Милош Ђорђевић је потврдио/ла резервацију за госта са е-адресом (душан@силни.gmail.com).
02.06.2021 23:36:14 - Милош Ђорђевић је потврдио/ла резервацију за госта са е-адресом (marija@skola.com).
02.06.2021 23:36:13 - Милош Ђорђевић је потврдио/ла резервацију за госта са е-адресом (душан@силни.gmail.com).
02.06.2021 23:23:02 - Милош Ђорђевић је потврдио/ла резервацију за госта са е-адресом (marija@skola.com).
02.06.2021 23:23:00 - Милош Ђорђевић је потврдио/ла резервацију за госта са е-адресом (душан@силни.gmail.com).
02.06.2021 23:01:50 - Неда Костић је потврдио/ла резервацију за госта са е-адресом (marija@skola.com).
02.06.2021 23:01:29 - Милош Ђорђевић је потврдио/ла резервацију за госта са е-адресом (душан@силни.gmail.com).
02.06.2021 22:57:05 - Неда Костић је потврдио/ла резервацију за госта са е-адресом (душан@силни.gmail.com).
02.06.2021 22:53:29 - Милош Ђорђевић је потврдио/ла резервацију за госта са е-адресом (marija@skola.com).
02.06.2021 22:53:25 - Милош Ђорђевић је потврдио/ла резервацију за госта са е-адресом (душан@силни.gmail.com).
02.06.2021 22:52:08 - Милош Ђорђевић је потврдио/ла резервацију за госта са е-адресом (marija@skola.com).
02.06.2021 22:41:43 - Милош Ђорђевић је потврдио/ла резервацију за госта са е-адресом (marija@skola.com).
02.06.2021 22:41:11 - Marija Marijanovic (marija@skola.com) je успешно проследио резервацију.
02.06.2021 22:23:11 - Милош Ђорђевић је обрисао/ла резервацију госта са е-адресом (kemal@turska.com)
02.06.2021 22:23:10 - Милош Ђорђевић је обрисао/ла резервацију госта са е-адресом (figo@portugal.com)
02.06.2021 22:20:48 - Милош Ђорђевић је обрисао/ла резервацију госта са е-адресом (душан@силни.gmail.com)
02.06.2021 22:20:46 - Милош Ђорђевић је обрисао/ла резервацију госта са е-адресом (pperic@skola.com)
02.06.2021 18:21:21 - Неда Костић је обрисао/ла резервацију госта са е-адресом (kemal@turska.com)
02.06.2021 18:21:07 - Милош Ђорђевић је потврдио/ла резервацију за госта са е-адресом (kemal@turska.com).
02.06.2021 18:20:59 - Милош Ђорђевић је обрисао/ла резервацију госта са е-адресом (figo@portugal.com)
02.06.2021 18:20:29 - Неда Костић је потврдио/ла резервацију за госта са е-адресом (pperic@skola.com).
02.06.2021 18:20:25 - Неда Костић је потврдио/ла резервацију за госта са е-адресом (душан@силни.gmail.com).
02.06.2021 18:20:11 - Милош Ђорђевић је потврдио/ла резервацију за госта са е-адресом (figo@portugal.com).
02.06.2021 18:19:17 - Милош Ђорђевић је обрисао/ла резервацију госта са е-адресом (figo@portugal.com)
02.06.2021 18:19:14 - Милош Ђорђевић је потврдио/ла резервацију за госта са е-адресом (figo@portugal.com).
02.06.2021 17:54:19 - Неда Костић је обрисао/ла резервацију.
02.06.2021 17:53:21 - Милош Ђорђевић је потврдио/ла резервацију.
02.06.2021 16:46:46 - Цар Душан Силни Немањић (@.gmail.com) je успешно проследио резервацију.
02.06.2021 16:43:10 - Неда Костић је обрисао/ла резервацију.
02.06.2021 16:42:41 - Милош Ђорђевић је потврдио/ла резервацију.
02.06.2021 16:42:39 - Милош Ђорђевић је потврдио/ла резервацију.
02.06.2021 16:40:29 - Милош Ђорђевић је потврдио/ла резервацију.
02.06.2021 16:39:42 - Неда Костић је обрисао/ла резервацију.
02.06.2021 15:42:20 - Милош Ђорђевић је обрисао/ла резервацију.
02.06.2021 15:41:39 - Милош Ђорђевић је потврдио/ла резервацију.
02.06.2021 15:14:45 - Милош Ђорђевић је обрисао/ла резервацију.
02.06.2021 15:14:42 - Милош Ђорђевић је потврдио/ла резервацију.
02.06.2021 15:14:32 - Милош Ђорђевић је потврдио/ла резервацију.
02.06.2021 15:14:23 - Милош Ђорђевић је обрисао/ла резервацију.
02.06.2021 15:10:06 - Милош Ђорђевић је обрисао/ла резервацију.
02.06.2021 15:04:13 - Милош Ђорђевић је потврдио/ла резервацију.
02.06.2021 15:03:58 - Милош Ђорђевић је потврдио/ла резервацију.
02.06.2021 15:03:56 - Милош Ђорђевић је потврдио/ла резервацију.
02.06.2021 15:03:55 - Милош Ђорђевић је потврдио/ла резервацију.
02.06.2021 15:03:55 - Милош Ђорђевић је потврдио/ла резервацију.
02.06.2021 15:03:55 - Милош Ђорђевић је потврдио/ла резервацију.
02.06.2021 15:03:55 - Милош Ђорђевић је потврдио/ла резервацију.
02.06.2021 15:03:55 - Милош Ђорђевић је потврдио/ла резервацију.
02.06.2021 15:03:54 - Милош Ђорђевић је потврдио/ла резервацију.
02.06.2021 15:03:52 - Милош Ђорђевић је потврдио/ла резервацију.
02.06.2021 15:03:19 - Милош Ђорђевић је потврдио/ла резервацију.
02.06.2021 15:03:13 - Милош Ђорђевић је потврдио/ла резервацију.
02.06.2021 15:02:55 - Милош Ђорђевић је потврдио/ла резервацију.
02.06.2021 15:02:13 - Милош Ђорђевић је потврдио/ла резервацију.
02.06.2021 14:44:24 - Неда Костић је потврдио резервацију.
02.06.2021 14:43:58 - Милош Ђорђевић је потврдио резервацију.
02.06.2021 14:43:54 - Милош Ђорђевић је потврдио резервацију.
02.06.2021 14:42:06 -  је потврдио резервацију.
02.06.2021 14:41:45 -  је потврдио резервацију.
01.06.2021 14:28:11 - Kemal Ataturk (kemal@turska.com) je успешно проследио резервацију.
01.06.2021 14:26:19 - Luis  Figo (figo@portugal.com) je успешно проследио резервацију.
01.06.2021 14:25:00 - Pera Peric (pperic@skola.com) je успешно проследио резервацију.
01.06.2021 14:24:16 - Korisnik 1 Korisnicic (korisnik@emali.com) je успешно проследио резервацију.
01.06.2021 14:23:55 - Korisnik 1 Korisnicic (korisnik@emali.com) je успешно проследио резервацију.
01.06.2021 14:22:27 - Pera Peric (pperic@skola.com) je успешно проследио резервацију.
01.06.2021 14:04:03 - Корисник pperic@skola.com Није унео све податке.
01.06.2021 14:02:57 - Корисник pperic@skola.com Није унео све податке.
01.06.2021 14:02:22 - Корисник pperic@skola.com Није унео све податке.
01.06.2021 14:01:23 - Корисник pperic@skola.com Није унео све податке.
01.06.2021 14:00:52 - Корисник pperic@skola.com Није унео све податке.
01.06.2021 13:57:42 - Корисник pperic@skola.com Није унео све податке.
01.06.2021 13:55:56 - Корисник pperic@skola.com Није унео све податке.
